[2025-01-03 19:01:08] INFO: User 'roberto' logged in.
[2025-01-04 00:30:20] INFO: Sala nomeada '' foi eliminada pelo administrador ''.
[2025-01-04 00:35:55] INFO: Sala nomeada '' foi eliminada pelo administrador ''.
[2025-01-04 00:37:55] INFO: Sala com ID 79 foi eliminada pelo administrador .
[2025-01-04 00:40:45] INFO: Sala com ID 78 foi eliminada pelo administrador ''.
[2025-01-04 00:42:27] INFO: Sala com ID 76 foi eliminada pelo administrador ''.
[2025-01-04 00:43:16] INFO: Sala com ID 75 foi eliminada pelo administrador ''.
[2025-01-04 00:44:56] INFO: Sala com ID 74 foi eliminada pelo administrador ''.
[2025-01-04 00:45:20] INFO: Sala com ID 73 foi eliminada pelo administrador ''.
[2025-01-04 00:47:12] INFO: Sala com ID 72 foi eliminada pelo administrador ''.
[2025-01-04 00:50:53] INFO: Sala com ID 71 foi eliminada pelo administrador '1'.
[2025-01-04 00:55:11] INFO: Sala com ID 70 foi eliminada pelo administrador 'roberto'.
[2025-01-04 03:17:35] INFO: Sala com ID 69 foi eliminada pelo administrador 'roberto'.
[2025-01-04 03:17:42] INFO: Sala com ID 68 foi eliminada pelo administrador 'roberto'.
[2025-01-04 03:18:56] INFO: Sala com ID 67 foi eliminada pelo administrador 'roberto'.
[2025-01-04 03:21:35] INFO: Sala com ID 66 foi eliminada pelo administrador 'roberto'.
[2025-01-04 04:28:18] INFO: Sala com ID 65 foi eliminada pelo administrador 'roberto'.
[2025-01-04 20:34:33] INFO: Administrador '' tentou aceder a uma área restrita.
[2025-01-04 20:34:58] INFO: Administrador '' tentou aceder a uma área restrita.
[2025-01-04 20:35:18] INFO: Administrador '' tentou aceder a uma área restrita.
[2025-01-04 20:37:35] INFO: Administrador '' tentou aceder a uma área restrita.
[2025-01-04 20:38:04] INFO: Administrador '' tentou aceder a uma área restrita.
[2025-01-04 20:38:59] INFO: Administrador 'roberto' tentou aceder a uma área restrita.
[2025-01-04 21:16:16] INFO: Administrador 'roberto' tentou aceder a minhaReserva.php.
[2025-01-04 21:16:47] INFO: Administrador 'roberto' tentou aceder a reservarSala.php.
[2025-01-04 21:26:03] INFO: Sala com ID '63' foi eliminada pelo administrador 'roberto'.
[2025-01-04 21:27:45] INFO: Sala com ID '62' foi eliminada pelo administrador 'roberto'.
[2025-01-04 21:27:49] INFO: Sala com ID '61' foi eliminada pelo administrador 'roberto'.
[2025-01-04 21:28:03] INFO: Sala com ID '60' foi eliminada pelo administrador 'roberto'.
[2025-01-04 23:29:00] INFO: Administrador 'roberto' tentou aceder a editarReserva.php.
[2025-01-04 23:29:00] INFO: Administrador 'roberto' tentou aceder a minhaReserva.php.
[2025-01-04 23:30:08] INFO: Administrador 'roberto' tentou aceder a editarReserva.php.
[2025-01-04 23:30:08] INFO: Administrador 'roberto' tentou aceder a minhaReserva.php.
[2025-01-04 23:37:37] INFO: Administrador 'roberto' tentou aceder a editarReserva.php.
[2025-01-04 23:37:37] INFO: Administrador 'roberto' tentou aceder a minhaReserva.php.
[2025-01-04 23:42:09] INFO: Administrador 'roberto' tentou aceder a editarReserva.php.
[2025-01-04 23:43:00] INFO: Administrador 'roberto' tentou aceder a editarReserva.php.
[2025-01-04 23:43:39] INFO: Administrador 'roberto' tentou aceder a editarReserva.php.
[2025-01-04 23:43:55] INFO: Administrador 'roberto' tentou aceder a editarReserva.php.
[2025-01-04 23:44:37] INFO: Administrador 'roberto' tentou aceder a editarReserva.php.
[2025-01-05 02:41:43] INFO: O administrador 'tretretre' editou o utilizador 'tretretre'.
[2025-01-05 02:42:55] INFO: O administrador 'tretretre' editou o utilizador 'tretretre'.
[2025-01-05 02:46:12] INFO: O administrador 'roberto' editou o utilizador 'loosaz'.
[2025-01-05 02:48:47] INFO: O administrador 'roberto' editou o utilizador 'loosaz'.
[2025-01-05 02:48:54] INFO: O administrador 'roberto' editou o utilizador 'loosaz'.
[2025-01-05 02:48:58] INFO: O administrador 'roberto' editou o utilizador 'loosaz'.
[2025-01-05 02:50:11] INFO: O administrador 'roberto' editou o utilizador 'loosaz'.
[2025-01-05 02:53:05] INFO: O administrador 'roberto' editou o utilizador 'loosaz'.
[2025-01-05 02:53:11] INFO: O administrador 'roberto' editou o utilizador 'loosaz'.
[2025-01-05 02:53:34] INFO: O administrador 'roberto' editou o utilizador 'loosaz'.
[2025-01-05 02:55:41] INFO: O administrador 'roberto' editou o utilizador 'loosaz'.
[2025-01-05 02:56:11] INFO: O administrador 'roberto' editou o utilizador 'loosaz'.
[2025-01-05 02:56:58] INFO: O administrador 'roberto' editou o utilizador 'loosaz'.
[2025-01-05 02:59:55] INFO: O administrador 'roberto' editou o utilizador 'loosaz'.
[2025-01-05 03:00:11] INFO: O administrador 'roberto' editou o utilizador 'loosaz'.
[2025-01-05 03:01:33] INFO: O administrador 'roberto' editou o utilizador 'loosaz'.
[2025-01-05 03:01:47] INFO: O administrador 'roberto' editou o utilizador 'loosaz'.
[2025-01-05 03:02:06] INFO: O administrador 'roberto' editou o utilizador 'loosaz'.
[2025-01-05 03:02:29] INFO: O administrador 'roberto' editou o utilizador 'loosaz'.
[2025-01-05 03:02:52] INFO: O administrador 'roberto' editou o utilizador 'loosaz'.
[2025-01-05 03:03:05] INFO: O administrador 'roberto' editou o utilizador 'loosaz'.
[2025-01-05 03:03:10] INFO: O administrador 'roberto' editou o utilizador 'loosaz'.
[2025-01-05 03:03:27] INFO: O administrador 'roberto' editou o utilizador 'loosaz'.
[2025-01-05 03:12:25] INFO: Administrador 'root' eliminou a reserva com o ID '77'.
[2025-01-05 03:13:05] INFO: Administrador 'roberto' eliminou a reserva com o ID '68'.
[2025-01-05 03:19:35] INFO: Administrador 'loosaz' tentou aceder a reserva.php.
[2025-01-05 03:24:59] INFO: Utilizador 'loosaz' tentou aceder a reserva.php.
[2025-01-05 03:26:52] INFO: Utilizador 'loosaz' tentou aceder à página editarUtilizador.php para o utilizador com o ID '3'.
[2025-01-05 03:29:46] INFO: O administrador 'roberto' editou o utilizador 'miguel'.
[2025-01-05 03:39:06] INFO: Administrador 'roberto' tentou aceder à página de editar sala, onde sala com ID '220' não foi encontrada.
[2025-01-05 03:40:05] INFO: Administrador 'roberto' tentou aceder à página de editar sala sem especificar a sala.
[2025-01-05 03:40:45] INFO: Administrador 'roberto' tentou aceder à página de editar sala sem especificar a sala (ID).
[2025-01-05 03:42:51] INFO: Utilizador 'loosaz' tentou aceder a reserva.php.
[2025-01-05 03:46:02] INFO: Administrador 'roberto' tentou aceder à página de editar sala sem especificar o idSala ('') ou idReserva ('77').
[2025-01-05 03:47:47] INFO: Administrador 'roberto' tentou aceder à página de editar reserva a partir de um idSala inválido ('').
[2025-01-05 03:48:59] INFO: Administrador 'roberto' tentou aceder à página de editar sala, onde a reserva com ID '770' não foi encontrada.
[2025-01-05 03:49:05] INFO: Administrador 'roberto' tentou aceder à página de editar sala sem especificar o ID da reserva '0'.
[2025-01-05 03:49:43] INFO: Administrador 'roberto' tentou aceder à página de editar sala sem especificar o ID da reserva '0'.
[2025-01-05 03:50:24] INFO: Administrador 'roberto' tentou aceder à página de editar sala, onde a reserva com ID '770' não foi encontrada.
[2025-01-05 03:56:00] INFO: Administrador 'roberto' tentou editar a reserva com o ID '77' com mais de um horário separado por horas.
[2025-01-05 03:59:30] INFO: Administrador 'roberto' editou a reserva com o ID '77' para o horário 20:00 - 23:00.
[2025-01-05 04:04:35] INFO: Utilizador 'loosaz' tentou aceder à gestão de utilizadores (areaAdmin.php).
[2025-01-05 03:18:53] INFO: Administrador 'roberto' editou a reserva com o ID '77' para o horário 21:00 - 23:00.
[2025-01-05 03:25:20] INFO: Administrador 'roberto' editou a reserva com o ID '77' para o horário 07:00 - 23:00.
[2025-01-05 03:26:00] INFO: Administrador 'roberto' eliminou a reserva com o ID '78'.
[2025-01-05 03:27:25] INFO: O administrador 'roberto' tentou editar a reserva com o ID '77', mas ela contém múltiplos horários separados por horas.
[2025-01-05 03:27:32] INFO: Administrador 'roberto' editou a reserva com o ID '77' para o horário 20:00 - 23:00.
