[2025-01-03 19:56:29] INFO: Utilizador  terminou sessão.
[2025-01-03 19:57:38] INFO: User 'roberto' logged in.
[2025-01-03 19:57:41] INFO: Utilizador '' terminou sessão.
[2025-01-03 19:59:07] INFO: User 'roberto' logged in.
[2025-01-03 19:59:11] INFO: Tentativa de logout sem sessão ativa.
[2025-01-03 20:01:14] INFO: Utilizador '' terminou sessão.
[2025-01-03 20:03:07] INFO: Utilizador '' terminou sessão.
[2025-01-03 20:05:16] INFO: Utilizador '' terminou sessão.
[2025-01-03 20:05:16] INFO: Utilizador '' terminou sessão.
[2025-01-03 20:05:16] INFO: Utilizador '' terminou sessão.
[2025-01-03 20:05:17] INFO: Utilizador '' terminou sessão.
[2025-01-03 20:05:17] INFO: Utilizador '' terminou sessão.
[2025-01-03 20:05:17] INFO: Utilizador '' terminou sessão.
[2025-01-03 20:05:17] INFO: Utilizador '' terminou sessão.
[2025-01-03 20:05:17] INFO: Utilizador '' terminou sessão.
[2025-01-03 20:05:17] INFO: Utilizador '' terminou sessão.
[2025-01-03 20:05:18] INFO: Utilizador '' terminou sessão.
[2025-01-03 20:05:19] INFO: Utilizador '' terminou sessão.
[2025-01-03 20:05:41] INFO: User 'roberto' logged in.
[2025-01-03 20:05:43] INFO: Utilizador 'roberto' terminou sessão.
[2025-01-03 20:06:14] INFO: User 'roberto' logged in.
[2025-01-03 20:06:15] INFO: Utilizador 'roberto' terminou sessão.
[2025-01-03 21:20:37] INFO: Utilizador 'loosaz' terminou sessão.
[2025-01-03 21:21:44] Password redefinida: 1
[2025-01-03 21:25:59] INFO: Utilizador 'roberto' redefiniu a palavra-passe.
[2025-01-03 21:39:12] INFO: Utizador 'root' tentou redefinir a palavra-passe com um token inválido ou expirado.
[2025-01-03 21:39:36] INFO: Utizador 'root' tentou redefinir a palavra-passe com um token inválido ou expirado.
[2025-01-03 21:40:06] INFO: Utizador 'root' tentou redefinir a palavra-passe com um token inválido ou expirado.
[2025-01-03 21:44:53] INFO: Utizador 'root' tentou redefinir a palavra-passe com um token inválido
[2025-01-03 21:48:42] INFO: Utilizador 'roberto' redefiniu a palavra-passe.
[2025-01-03 21:52:34] INFO: Tentativa de redefinição de palavra-passe falhou. Token inválido ou expirado. IP: 127.0.0.1.
[2025-01-03 21:56:20] INFO: Tentativa de redefinição de palavra-passe falhou. Token inválido ou expirado. IP: 127.0.0.1. Token: 031f911b1cffbc75f8b17a549c23f2222035a45336afgreeadad11afda70fbf2.
[2025-01-03 21:56:21] INFO: Tentativa de redefinição de palavra-passe falhou. Token inválido ou expirado. IP: 127.0.0.1. Token: 031f911b1cffbc75f8b17a549c23f2222035a45336afgreeadad11afda70fbf2.
[2025-01-03 22:00:29] INFO: Tentativa de redefinição de palavra-passe falhou. Token inválido ou expirado. IP: 127.0.0.1. Token: 031f911b1cffbc75f8b17a549c23f2222035a45336afgreeadad11afda70fbf2.
[2025-01-03 22:09:23] INFO: Tentativa de redefinição de palavra-passe falhou devido a Token inválido ou expirado. IP do utilizador: 127.0.0.1. Token utilizado: 031f911b1cffbc75f8b17a549c23f2222035a45336afgreeadad11afda70fbf2.
[2025-01-03 22:20:33] INFO: User 'loosaz' logged in.
[2025-01-03 22:20:44] INFO: Utilizador '' iniciou sessão com 'Remember Me'.
[2025-01-03 22:22:14] INFO: Utilizador 'loosaz' iniciou sessão com 'Remember Me'.
[2025-01-03 22:25:07] INFO: Utilizador 'loosaz' iniciou sessão com cookie 'remember_me'.
[2025-01-03 22:25:48] INFO: Utilizador 'loosaz' iniciou sessão com cookie 'remember_me'.
[2025-01-03 22:26:48] INFO: Utilizador 'loosaz' iniciou sessão com cookie 'remember_me'.
[2025-01-04 00:30:15] INFO: User 'roberto' logged in.
[2025-01-04 00:45:05] INFO: Utilizador 'roberto' terminou sessão.
[2025-01-04 00:45:13] INFO: User 'roberto' logged in.
[2025-01-04 01:10:36] INFO: Utilizador 'loosaz' iniciou sessão com cookie 'remember_me'.
[2025-01-04 01:10:38] INFO: Utilizador 'loosaz' terminou sessão.
[2025-01-04 01:10:45] INFO: User 'loosaz' logged in.
[2025-01-04 03:00:25] INFO: Utilizador 'loosaz' terminou sessão.
[2025-01-04 03:02:46] INFO: User 'loosaz' logged in.
[2025-01-04 20:37:52] INFO: Utilizador 'roberto' terminou sessão.
[2025-01-04 20:37:58] WARNING: Failed login attempt for username 'roberto'.
[2025-01-04 20:38:02] INFO: User 'roberto' logged in.
[2025-01-04 20:50:36] INFO: User 'roberto' logged in.
[2025-01-04 20:50:41] INFO: Utilizador 'roberto' terminou sessão.
[2025-01-04 20:50:52] INFO: User 'loosaz' logged in.
[2025-01-04 21:16:47] INFO: Utilizador 'roberto' tentou aceder à página de reservar sala com uma data inválida.
[2025-01-04 23:28:57] INFO: User 'roberto' logged in.
[2025-01-05 00:18:53] INFO: Utilizador 'rob_' registou-se no website.
[2025-01-05 00:19:20] INFO: Utilizador 'roberto' terminou sessão.
[2025-01-05 01:09:28] INFO: Tentativa de recuperação de password sem reCAPTCHA com o seguinte email: dawdwadwa@gmail.com
[2025-01-05 01:10:46] INFO: Tentativa de recuperação de password sem reCAPTCHA com o seguinte email: dawdwadwa@gmail.com.
[2025-01-05 01:11:18] WARNING: Tentativa de recuperação de password sem reCAPTCHA com o seguinte email: dawdwadwa@gmail.com.
[2025-01-05 01:13:22] INFO: Email de recuperação de password enviado para o email: robertobaptistawork@gmail.com
[2025-01-05 01:14:06] INFO: User 'roberto' logged in.
[2025-01-05 01:23:54] INFO: Utilizador 'loosaz' atualizou as suas informações.
[2025-01-05 01:31:45] INFO: Utilizador 'loosaz' atualizou as suas informações.
[2025-01-05 01:33:04] INFO: Utilizador 'loosaz' atualizou as suas informações.
[2025-01-05 01:42:01] INFO: Utilizador 'loosaz' atualizou as suas informações.
[2025-01-05 01:42:08] INFO: Utilizador 'loosaz' atualizou as suas informações.
[2025-01-05 01:42:45] INFO: Utilizador 'loosaz' atualizou as suas informações.
[2025-01-05 01:42:48] INFO: Utilizador 'loosaz' atualizou as suas informações.
[2025-01-05 01:42:50] INFO: Utilizador 'loosaz' atualizou as suas informações.
[2025-01-05 01:44:12] INFO: Utilizador 'loosaz' atualizou as suas informações.
[2025-01-05 01:44:15] INFO: Utilizador 'loosaz' atualizou as suas informações.
[2025-01-05 01:45:11] INFO: Utilizador 'loosaz' atualizou as suas informações.
[2025-01-05 01:45:15] INFO: Utilizador 'loosaz' atualizou as suas informações.
[2025-01-05 01:45:22] INFO: Utilizador 'loosaz' atualizou as suas informações.
[2025-01-05 01:45:24] INFO: Utilizador 'loosaz' atualizou as suas informações.
[2025-01-05 01:45:29] INFO: Utilizador 'loosaz' atualizou as suas informações.
[2025-01-05 01:45:32] INFO: Utilizador 'loosaz' atualizou as suas informações.
[2025-01-05 01:45:51] INFO: Utilizador 'loosaz' atualizou as suas informações.
[2025-01-05 01:46:31] INFO: Utilizador 'loosaz' atualizou as suas informações.
[2025-01-05 01:50:07] INFO: Utilizador 'loosaz' atualizou as suas informações.
[2025-01-05 01:50:18] INFO: Utilizador 'loosaz' atualizou as suas informações.
[2025-01-05 01:54:06] INFO: Utilizador 'loosaz' atualizou as suas informações.
[2025-01-05 01:54:18] INFO: Utilizador 'loosaz' atualizou as suas informações.
[2025-01-05 02:02:27] INFO: Utilizador 'loosaz' atualizou as suas informações.
[2025-01-05 02:58:59] INFO: User 'loosaz' logged in.
[2025-01-05 02:59:19] INFO: Utilizador 'loosaz' atualizou o seu perfil.
[2025-01-05 03:07:19] INFO: Utilizador 'loosaz' alterou a palavra-passe.
[2025-01-05 04:09:18] INFO: Utilizador 'roberto' atualizou o seu perfil.
[2025-01-05 04:09:30] INFO: Utilizador 'roberto' atualizou o seu perfil.
[2025-01-05 03:29:18] INFO: Utilizador 'roberto' terminou sessão.
